#
# A fatal error has been detected by the Java Runtime Environment:
#
#  SIGBUS (0x7) at pc=0x00007f836ba4810e, pid=50, tid=0x00007f8368e3f640
#
# JRE version: OpenJDK Runtime Environment (Zulu 8.48.0.53-CA-linux64) (8.0_265-b11) (build 1.8.0_265-b11)
# Java VM: OpenJDK 64-Bit Server VM (25.265-b11 mixed mode linux-amd64 compressed oops)
# Problematic frame:
# V  [libjvm.so+0x97310e]  PerfLongVariant::sample()+0x1e
#
# Core dump written. Default location: /home/runner/eaglerx-server2/server/core or core.50
#
# If you would like to submit a bug report, please visit:
#   http://www.azulsystems.com/support/
#

---------------  T H R E A D  ---------------

Current thread (0x00007f83640ec000):  WatcherThread [stack: 0x00007f8368d40000,0x00007f8368e40000] [id=76]

siginfo: si_signo: 7 (SIGBUS), si_code: 2 (BUS_ADRERR), si_addr: 0x00007f836aaada10

Registers:
RAX=0x00000000031023d0, RBX=0x00007f836aaada10, RCX=0x0000000000000032, RDX=0x00007f836401d370
RSP=0x00007f8368e3ea50, RBP=0x00007f8368e3ea60, RSI=0x0000000000000000, RDI=0x00007f8364004140
R8 =0x0000000000000000, R9 =0x0000000000000000, R10=0x0000000000000000, R11=0x0000000000000000
R12=0x0000000000000008, R13=0x00007f836401cd50, R14=0x0000000000000032, R15=0x0000000000000032
RIP=0x00007f836ba4810e, EFLAGS=0x0000000000010202, CSGSFS=0x002b000000000033, ERR=0x0000000000000007
  TRAPNO=0x000000000000000e

Top of Stack: (sp=0x00007f8368e3ea50)
0x00007f8368e3ea50:   00007f8364008dd0 0000000000000001
0x00007f8368e3ea60:   00007f8368e3ea90 00007f836bad8c7c
0x00007f8368e3ea70:   00007f8368e3ea90 0000000000000001
0x00007f8368e3ea80:   0000000000000002 00007f836c0c73e0
0x00007f8368e3ea90:   00007f8368e3eae0 00007f836bb29e56
0x00007f8368e3eaa0:   0000000200000000 00007f8364008dd0
0x00007f8368e3eab0:   0000000000000000 00007f83640ec000
0x00007f8368e3eac0:   0000000000000032 00007f83640ec000
0x00007f8368e3ead0:   0000000000000000 ffffffffffffffc0
0x00007f8368e3eae0:   00007f8368e3eb70 00007f836bb5b528
0x00007f8368e3eaf0:   0000000000000000 00007f83640ec000
0x00007f8368e3eb00:   00007f83640ed450 0000000000000001
0x00007f8368e3eb10:   0000000000000000 0000000000000000
0x00007f8368e3eb20:   00007f8368e3eb70 00007f836b9be30e
0x00007f8368e3eb30:   00007f83640ec000 0000000000000000
0x00007f8368e3eb40:   00007f8368e3eb70 00007f83640ed450
0x00007f8368e3eb50:   00007f83640ed360 00007f83640ec000
0x00007f8368e3eb60:   0000000000000000 ffffffffffffffc0
0x00007f8368e3eb70:   00007f8368e3ee50 00007f836ba0afb2
0x00007f8368e3eb80:   0000000000000000 0000000000000000
0x00007f8368e3eb90:   0000000000000000 0000000000000000
0x00007f8368e3eba0:   0000000000000000 0000000000000000
0x00007f8368e3ebb0:   0000000000000000 0000000000000000
0x00007f8368e3ebc0:   0000000000000000 0000000000000000
0x00007f8368e3ebd0:   0000000000000000 0000000000000000
0x00007f8368e3ebe0:   0000000000000000 0000000000000000
0x00007f8368e3ebf0:   0000000000000000 0000000000000000
0x00007f8368e3ec00:   0000000000000000 0000000000000000
0x00007f8368e3ec10:   0000000000000000 0000000000000000
0x00007f8368e3ec20:   0000000000000000 0000000000000000
0x00007f8368e3ec30:   0000000000000000 0000000000000000
0x00007f8368e3ec40:   0000000000000000 0000000000000000 

Instructions: (pc=0x00007f836ba4810e)
0x00007f836ba480ee:   90 90 55 48 89 e5 53 48 83 ec 08 48 8b 57 38 48
0x00007f836ba480fe:   85 d2 74 0f 48 8b 5f 28 48 8b 02 48 89 d7 ff 10
0x00007f836ba4810e:   48 89 03 48 83 c4 08 5b c9 c3 0f 1f 84 00 00 00
0x00007f836ba4811e:   00 00 55 31 c0 48 85 f6 48 89 e5 74 0e 48 8b 76 

Register to memory mapping:

RAX=0x00000000031023d0 is an unknown value
RBX=0x00007f836aaada10 is an unknown value
RCX=0x0000000000000032 is an unknown value
RDX=0x00007f836401d370 is an unknown value
RSP=0x00007f8368e3ea50 is an unknown value
RBP=0x00007f8368e3ea60 is an unknown value
RSI=0x0000000000000000 is an unknown value
RDI=0x00007f8364004140 is an unknown value
R8 =0x0000000000000000 is an unknown value
R9 =0x0000000000000000 is an unknown value
R10=0x0000000000000000 is an unknown value
R11=0x0000000000000000 is an unknown value
R12=0x0000000000000008 is an unknown value
R13=0x00007f836401cd50 is an unknown value
R14=0x0000000000000032 is an unknown value
R15=0x0000000000000032 is an unknown value


Stack: [0x00007f8368d40000,0x00007f8368e40000],  sp=0x00007f8368e3ea50,  free space=1018k
Native frames: (J=compiled Java code, j=interpreted, Vv=VM code, C=native code)
V  [libjvm.so+0x97310e]  PerfLongVariant::sample()+0x1e
V  [libjvm.so+0xa03c7c]  StatSamplerTask::task()+0x3c
V  [libjvm.so+0xa54e56]  PeriodicTask::real_time_tick(int)+0x96
V  [libjvm.so+0xa86528]  WatcherThread::run()+0x58
V  [libjvm.so+0x935fb2]  java_start(Thread*)+0x132


---------------  P R O C E S S  ---------------

Java Threads: ( => current thread )
  0x00007f83281d1000 JavaThread "Craft Scheduler Thread - 39" [_thread_blocked, id=209, stack(0x00007f82fb000000,0x00007f82fb100000)]
  0x00007f832855f000 JavaThread "File IO Thread" [_thread_blocked, id=190, stack(0x00007f82f9d00000,0x00007f82f9e00000)]
  0x00007f8329838000 JavaThread "Timer-2" daemon [_thread_blocked, id=176, stack(0x00007f82fa000000,0x00007f82fa100000)]
  0x00007f8329b75000 JavaThread "bStats-Metrics" [_thread_blocked, id=113, stack(0x00007f8337b00000,0x00007f8337c00000)]
  0x00007f8329b43000 JavaThread "pool-10-thread-1" [_thread_blocked, id=112, stack(0x00007f83351b0000,0x00007f83352b0000)]
  0x00007f8329aaf000 JavaThread "Timer-1" [_thread_blocked, id=111, stack(0x00007f8336000000,0x00007f8336100000)]
  0x00007f8329a88000 JavaThread "bStats-Metrics" [_thread_blocked, id=110, stack(0x00007f83354b0000,0x00007f83355b0000)]
  0x00007f8328539000 JavaThread "Timer-0" daemon [_thread_blocked, id=90, stack(0x00007f8336100000,0x00007f8336200000)]
  0x00007f832830a000 JavaThread "Netty Epoll Server IO #0" daemon [_thread_in_native, id=88, stack(0x00007f83368ff000,0x00007f83369ff000)]
  0x00007f8328127800 JavaThread "bStats-Metrics" [_thread_blocked, id=87, stack(0x00007f8336bff000,0x00007f8336cff000)]
  0x00007f832811b000 JavaThread "PandaSpigot Watchdog Thread" [_thread_blocked, id=86, stack(0x00007f8336cff000,0x00007f8336dff000)]
  0x00007f8328001800 JavaThread "Server console handler" daemon [_thread_in_native, id=85, stack(0x00007f8354200000,0x00007f8354300000)]
  0x00007f8364009800 JavaThread "DestroyJavaVM" [_thread_blocked, id=68, stack(0x00007f836aefc000,0x00007f836affc000)]
  0x00007f8364580800 JavaThread "Server thread" [_thread_blocked, id=84, stack(0x00007f8354300000,0x00007f8354400000)]
  0x00007f836452c800 JavaThread "Server Infinisleeper" daemon [_thread_blocked, id=83, stack(0x00007f8354f00000,0x00007f8355000000)]
  0x00007f836464e000 JavaThread "Snooper Timer" daemon [_thread_blocked, id=82, stack(0x00007f836844f000,0x00007f836854f000)]
  0x00007f83640e9800 JavaThread "Service Thread" daemon [_thread_blocked, id=75, stack(0x00007f8368e40000,0x00007f8368f40000)]
  0x00007f83640dc000 JavaThread "C1 CompilerThread1" daemon [_thread_blocked, id=74, stack(0x00007f8368f41000,0x00007f8369041000)]
  0x00007f83640da000 JavaThread "C2 CompilerThread0" daemon [_thread_blocked, id=73, stack(0x00007f8369042000,0x00007f8369142000)]
  0x00007f83640d4800 JavaThread "Signal Dispatcher" daemon [_thread_blocked, id=72, stack(0x00007f8369149000,0x00007f8369249000)]
  0x00007f83640a4800 JavaThread "Finalizer" daemon [_thread_blocked, id=71, stack(0x00007f836952f000,0x00007f836962f000)]
  0x00007f83640a0000 JavaThread "Reference Handler" daemon [_thread_blocked, id=70, stack(0x00007f836962f000,0x00007f836972f000)]

Other Threads:
  0x00007f8364096000 VMThread [stack: 0x00007f8369730000,0x00007f8369830000] [id=69]
=>0x00007f83640ec000 WatcherThread [stack: 0x00007f8368d40000,0x00007f8368e40000] [id=76]

VM state:not at safepoint (normal execution)

VM Mutex/Monitor currently owned by a thread:  ([mutex/lock_event])
[0x00007f8364008050] Threads_lock - owner thread: 0x00007f8364096000
[0x00007f8364008550] Heap_lock - owner thread: 0x00007f8364580800
[0x00007f8364008dd0] PeriodicTask_lock - owner thread: 0x00007f83640ec000

heap address: 0x00000000e0000000, size: 512 MB, Compressed Oops mode: 32-bit
Narrow klass base: 0x0000000000000000, Narrow klass shift: 3
Compressed class space size: 1073741824 Address: 0x0000000100000000

Heap:
 def new generation   total 137664K, used 130282K [0x00000000e0000000, 0x00000000e9560000, 0x00000000eaaa0000)
  eden space 122368K, 100% used [0x00000000e0000000, 0x00000000e7780000, 0x00000000e7780000)
  from space 15296K,  51% used [0x00000000e8670000, 0x00000000e8e2ab98, 0x00000000e9560000)
  to   space 15296K,   0% used [0x00000000e7780000, 0x00000000e7780000, 0x00000000e8670000)
 tenured generation   total 305820K, used 210398K [0x00000000eaaa0000, 0x00000000fd547000, 0x0000000100000000)
   the space 305820K,  68% used [0x00000000eaaa0000, 0x00000000f7817be0, 0x00000000f7817c00, 0x00000000fd547000)
 Metaspace       used 59530K, capacity 62532K, committed 62888K, reserved 1103872K
  class space    used 7355K, capacity 8009K, committed 8112K, reserved 1048576K

Card table byte_map: [0x00007f836a3cd000,0x00007f836a4ce000] byte_map_base: 0x00007f8369ccd000

Polling page: 0x00007f836aab5000

CodeCache: size=245760Kb used=20179Kb max_used=20415Kb free=225580Kb
 bounds [0x00007f8355000000, 0x00007f8356450000, 0x00007f8364000000]
 total_blobs=7136 nmethods=6351 adapters=696
 compilation: enabled

Compilation events (10 events):
Event: 1578.071 Thread 0x00007f83640dc000 8844   !   3       net.minecraft.server.v1_8_R3.Chunk::getType (53 bytes)
Event: 1578.071 Thread 0x00007f83640dc000 nmethod 8844 0x00007f83553dd750 code [0x00007f83553dd920, 0x00007f83553ddfa8]
Event: 1578.072 Thread 0x00007f83640dc000 8845   !   3       net.minecraft.server.v1_8_R3.Chunk::getType (76 bytes)
Event: 1578.072 Thread 0x00007f83640dc000 nmethod 8845 0x00007f835608bed0 code [0x00007f835608c0a0, 0x00007f835608c598]
Event: 1578.080 Thread 0x00007f83640da000 8847       4       org.bukkit.craftbukkit.v1_8_R3.CraftChunk::getHandle (52 bytes)
Event: 1578.081 Thread 0x00007f83640da000 nmethod 8847 0x00007f8355331750 code [0x00007f83553318a0, 0x00007f8355331958]
Event: 1614.677 Thread 0x00007f83640dc000 8848 %     3       net.minecraft.server.v1_8_R3.FileIOThread::run @ 0 (7 bytes)
Event: 1614.678 Thread 0x00007f83640dc000 nmethod 8848% 0x00007f83555e1e90 code [0x00007f83555e2000, 0x00007f83555e2228]
Event: 1640.751 Thread 0x00007f83640dc000 8849       3       net.minecraft.server.v1_8_R3.FileIOThread::run (7 bytes)
Event: 1640.752 Thread 0x00007f83640dc000 nmethod 8849 0x00007f8356004d90 code [0x00007f8356004f00, 0x00007f83560050e8]

GC Heap History (10 events):
Event: 1331.909 GC heap before
{Heap before GC invocations=60 (full 9):
 def new generation   total 137664K, used 129926K [0x00000000e0000000, 0x00000000e9560000, 0x00000000eaaa0000)
  eden space 122368K, 100% used [0x00000000e0000000, 0x00000000e7780000, 0x00000000e7780000)
  from space 15296K,  49% used [0x00000000e7780000, 0x00000000e7ee19b0, 0x00000000e8670000)
  to   space 15296K,   0% used [0x00000000e8670000, 0x00000000e8670000, 0x00000000e9560000)
 tenured generation   total 305820K, used 209638K [0x00000000eaaa0000, 0x00000000fd547000, 0x0000000100000000)
   the space 305820K,  68% used [0x00000000eaaa0000, 0x00000000f7759840, 0x00000000f7759a00, 0x00000000fd547000)
 Metaspace       used 59482K, capacity 62464K, committed 62632K, reserved 1103872K
  class space    used 7349K, capacity 8009K, committed 8112K, reserved 1048576K
Event: 1331.941 GC heap after
Heap after GC invocations=61 (full 9):
 def new generation   total 137664K, used 8189K [0x00000000e0000000, 0x00000000e9560000, 0x00000000eaaa0000)
  eden space 122368K,   0% used [0x00000000e0000000, 0x00000000e0000000, 0x00000000e7780000)
  from space 15296K,  53% used [0x00000000e8670000, 0x00000000e8e6f690, 0x00000000e9560000)
  to   space 15296K,   0% used [0x00000000e7780000, 0x00000000e7780000, 0x00000000e8670000)
 tenured generation   total 305820K, used 209638K [0x00000000eaaa0000, 0x00000000fd547000, 0x0000000100000000)
   the space 305820K,  68% used [0x00000000eaaa0000, 0x00000000f7759840, 0x00000000f7759a00, 0x00000000fd547000)
 Metaspace       used 59482K, capacity 62464K, committed 62632K, reserved 1103872K
  class space    used 7349K, capacity 8009K, committed 8112K, reserved 1048576K
}
Event: 1398.009 GC heap before
{Heap before GC invocations=61 (full 9):
 def new generation   total 137664K, used 130557K [0x00000000e0000000, 0x00000000e9560000, 0x00000000eaaa0000)
  eden space 122368K, 100% used [0x00000000e0000000, 0x00000000e7780000, 0x00000000e7780000)
  from space 15296K,  53% used [0x00000000e8670000, 0x00000000e8e6f690, 0x00000000e9560000)
  to   space 15296K,   0% used [0x00000000e7780000, 0x00000000e7780000, 0x00000000e8670000)
 tenured generation   total 305820K, used 209638K [0x00000000eaaa0000, 0x00000000fd547000, 0x0000000100000000)
   the space 305820K,  68% used [0x00000000eaaa0000, 0x00000000f7759840, 0x00000000f7759a00, 0x00000000fd547000)
 Metaspace       used 59485K, capacity 62464K, committed 62632K, reserved 1103872K
  class space    used 7349K, capacity 8009K, committed 8112K, reserved 1048576K
Event: 1398.030 GC heap after
Heap after GC invocations=62 (full 9):
 def new generation   total 137664K, used 7280K [0x00000000e0000000, 0x00000000e9560000, 0x00000000eaaa0000)
  eden space 122368K,   0% used [0x00000000e0000000, 0x00000000e0000000, 0x00000000e7780000)
  from space 15296K,  47% used [0x00000000e7780000, 0x00000000e7e9c0d0, 0x00000000e8670000)
  to   space 15296K,   0% used [0x00000000e8670000, 0x00000000e8670000, 0x00000000e9560000)
 tenured generation   total 305820K, used 210398K [0x00000000eaaa0000, 0x00000000fd547000, 0x0000000100000000)
   the space 305820K,  68% used [0x00000000eaaa0000, 0x00000000f7817be0, 0x00000000f7817c00, 0x00000000fd547000)
 Metaspace       used 59485K, capacity 62464K, committed 62632K, reserved 1103872K
  class space    used 7349K, capacity 8009K, committed 8112K, reserved 1048576K
}
Event: 1465.235 GC heap before
{Heap before GC invocations=62 (full 9):
 def new generation   total 137664K, used 129648K [0x00000000e0000000, 0x00000000e9560000, 0x00000000eaaa0000)
  eden space 122368K, 100% used [0x00000000e0000000, 0x00000000e7780000, 0x00000000e7780000)
  from space 15296K,  47% used [0x00000000e7780000, 0x00000000e7e9c0d0, 0x00000000e8670000)
  to   space 15296K,   0% used [0x00000000e8670000, 0x00000000e8670000, 0x00000000e9560000)
 tenured generation   total 305820K, used 210398K [0x00000000eaaa0000, 0x00000000fd547000, 0x0000000100000000)
   the space 305820K,  68% used [0x00000000eaaa0000, 0x00000000f7817be0, 0x00000000f7817c00, 0x00000000fd547000)
 Metaspace       used 59500K, capacity 62532K, committed 62888K, reserved 1103872K
  class space    used 7349K, capacity 8009K, committed 8112K, reserved 1048576K
Event: 1465.259 GC heap after
Heap after GC invocations=63 (full 9):
 def new generation   total 137664K, used 7371K [0x00000000e0000000, 0x00000000e9560000, 0x00000000eaaa0000)
  eden space 122368K,   0% used [0x00000000e0000000, 0x00000000e0000000, 0x00000000e7780000)
  from space 15296K,  48% used [0x00000000e8670000, 0x00000000e8da2f08, 0x00000000e9560000)
  to   space 15296K,   0% used [0x00000000e7780000, 0x00000000e7780000, 0x00000000e8670000)
 tenured generation   total 305820K, used 210398K [0x00000000eaaa0000, 0x00000000fd547000, 0x0000000100000000)
   the space 305820K,  68% used [0x00000000eaaa0000, 0x00000000f7817be0, 0x00000000f7817c00, 0x00000000fd547000)
 Metaspace       used 59500K, capacity 62532K, committed 62888K, reserved 1103872K
  class space    used 7349K, capacity 8009K, committed 8112K, reserved 1048576K
}
Event: 1537.160 GC heap before
{Heap before GC invocations=63 (full 9):
 def new generation   total 137664K, used 129739K [0x00000000e0000000, 0x00000000e9560000, 0x00000000eaaa0000)
  eden space 122368K, 100% used [0x00000000e0000000, 0x00000000e7780000, 0x00000000e7780000)
  from space 15296K,  48% used [0x00000000e8670000, 0x00000000e8da2f08, 0x00000000e9560000)
  to   space 15296K,   0% used [0x00000000e7780000, 0x00000000e7780000, 0x00000000e8670000)
 tenured generation   total 305820K, used 210398K [0x00000000eaaa0000, 0x00000000fd547000, 0x0000000100000000)
   the space 305820K,  68% used [0x00000000eaaa0000, 0x00000000f7817be0, 0x00000000f7817c00, 0x00000000fd547000)
 Metaspace       used 59529K, capacity 62532K, committed 62888K, reserved 1103872K
  class space    used 7355K, capacity 8009K, committed 8112K, reserved 1048576K
Event: 1537.187 GC heap after
Heap after GC invocations=64 (full 9):
 def new generation   total 137664K, used 7534K [0x00000000e0000000, 0x00000000e9560000, 0x00000000eaaa0000)
  eden space 122368K,   0% used [0x00000000e0000000, 0x00000000e0000000, 0x00000000e7780000)
  from space 15296K,  49% used [0x00000000e7780000, 0x00000000e7edb920, 0x00000000e8670000)
  to   space 15296K,   0% used [0x00000000e8670000, 0x00000000e8670000, 0x00000000e9560000)
 tenured generation   total 305820K, used 210398K [0x00000000eaaa0000, 0x00000000fd547000, 0x0000000100000000)
   the space 305820K,  68% used [0x00000000eaaa0000, 0x00000000f7817be0, 0x00000000f7817c00, 0x00000000fd547000)
 Metaspace       used 59529K, capacity 62532K, committed 62888K, reserved 1103872K
  class space    used 7355K, capacity 8009K, committed 8112K, reserved 1048576K
}
Event: 1613.059 GC heap before
{Heap before GC invocations=64 (full 9):
 def new generation   total 137664K, used 129902K [0x00000000e0000000, 0x00000000e9560000, 0x00000000eaaa0000)
  eden space 122368K, 100% used [0x00000000e0000000, 0x00000000e7780000, 0x00000000e7780000)
  from space 15296K,  49% used [0x00000000e7780000, 0x00000000e7edb920, 0x00000000e8670000)
  to   space 15296K,   0% used [0x00000000e8670000, 0x00000000e8670000, 0x00000000e9560000)
 tenured generation   total 305820K, used 210398K [0x00000000eaaa0000, 0x00000000fd547000, 0x0000000100000000)
   the space 305820K,  68% used [0x00000000eaaa0000, 0x00000000f7817be0, 0x00000000f7817c00, 0x00000000fd547000)
 Metaspace       used 59530K, capacity 62532K, committed 62888K, reserved 1103872K
  class space    used 7355K, capacity 8009K, committed 8112K, reserved 1048576K
Event: 1613.103 GC heap after
Heap after GC invocations=65 (full 9):
 def new generation   total 137664K, used 7914K [0x00000000e0000000, 0x00000000e9560000, 0x00000000eaaa0000)
  eden space 122368K,   0% used [0x00000000e0000000, 0x00000000e0000000, 0x00000000e7780000)
  from space 15296K,  51% used [0x00000000e8670000, 0x00000000e8e2ab98, 0x00000000e9560000)
  to   space 15296K,   0% used [0x00000000e7780000, 0x00000000e7780000, 0x00000000e8670000)
 tenured generation   total 305820K, used 210398K [0x00000000eaaa0000, 0x00000000fd547000, 0x0000000100000000)
   the space 305820K,  68% used [0x00000000eaaa0000, 0x00000000f7817be0, 0x00000000f7817c00, 0x00000000fd547000)
 Metaspace       used 59530K, capacity 62532K, committed 62888K, reserved 1103872K
  class space    used 7355K, capacity 8009K, committed 8112K, reserved 1048576K
}

Deoptimization events (10 events):
Event: 1389.259 Thread 0x00007f8364580800 Uncommon trap: reason=unstable_if action=reinterpret pc=0x00007f835582874c method=net.minecraft.server.v1_8_R3.PathPoint.a(III)I @ 24
Event: 1389.259 Thread 0x00007f8364580800 Uncommon trap: reason=unstable_if action=reinterpret pc=0x00007f8356279b84 method=net.minecraft.server.v1_8_R3.PathPoint.a(III)I @ 24
Event: 1389.259 Thread 0x00007f8364580800 Uncommon trap: reason=unstable_if action=reinterpret pc=0x00007f8356358938 method=net.minecraft.server.v1_8_R3.PathPoint.a(III)I @ 24
Event: 1527.159 Thread 0x00007f8364580800 Uncommon trap: reason=bimorphic action=maybe_recompile pc=0x00007f83555eab08 method=net.minecraft.server.v1_8_R3.Block.w()Z @ 4
Event: 1527.159 Thread 0x00007f8364580800 Uncommon trap: reason=unstable_if action=reinterpret pc=0x00007f8355a9bc14 method=net.minecraft.server.v1_8_R3.Entity.inBlock()Z @ 176
Event: 1527.160 Thread 0x00007f8364580800 Uncommon trap: reason=unstable_if action=reinterpret pc=0x00007f83563e56e4 method=net.minecraft.server.v1_8_R3.EntityLiving.K()V @ 41
Event: 1527.162 Thread 0x00007f8364580800 Uncommon trap: reason=unstable_if action=reinterpret pc=0x00007f83561e5544 method=java.util.EnumMap.isValidKey(Ljava/lang/Object;)Z @ 1
Event: 1527.164 Thread 0x00007f8364580800 Uncommon trap: reason=bimorphic action=maybe_recompile pc=0x00007f83555eab08 method=net.minecraft.server.v1_8_R3.Block.w()Z @ 4
Event: 1527.165 Thread 0x00007f8364580800 Uncommon trap: reason=bimorphic action=maybe_recompile pc=0x00007f83555eab08 method=net.minecraft.server.v1_8_R3.Block.w()Z @ 4
Event: 1527.165 Thread 0x00007f8364580800 Uncommon trap: reason=bimorphic action=maybe_recompile pc=0x00007f83555eab08 method=net.minecraft.server.v1_8_R3.Block.w()Z @ 4

Classes redefined (0 events):
No events

Internal exceptions (10 events):
Event: 83.402 Thread 0x00007f8364580800 Exception <a 'java/lang/NullPointerException'> (0x00000000e476a518) thrown at [/export/home/tester/jenkins/workspace/zulu8-silver-build-rhel64/zulu-src/hotspot/src/share/vm/runtime/sharedRuntime.cpp, line 609]
Event: 83.542 Thread 0x00007f8364580800 Exception <a 'java/lang/NoClassDefFoundError': com/intellectualcrafters/plot/util/SchematicHandler> (0x00000000e480dad0) thrown at [/export/home/tester/jenkins/workspace/zulu8-silver-build-rhel64/zulu-src/hotspot/src/share/vm/classfile/systemDictionary.cp
Event: 87.465 Thread 0x00007f8364580800 Implicit null exception at 0x00007f8355f89194 to 0x00007f8355f8954b
Event: 88.969 Thread 0x00007f8364580800 Implicit null exception at 0x00007f8355214134 to 0x00007f835521454d
Event: 88.971 Thread 0x00007f8364580800 Implicit null exception at 0x00007f83553a5022 to 0x00007f83553a5171
Event: 93.857 Thread 0x00007f8364580800 Implicit null exception at 0x00007f835612d894 to 0x00007f835612f635
Event: 96.715 Thread 0x00007f836464e000 Exception <a 'java/net/UnknownHostException'> (0x00000000e76f4148) thrown at [/export/home/tester/jenkins/workspace/zulu8-silver-build-rhel64/zulu-src/hotspot/src/share/vm/prims/jni.cpp, line 711]
Event: 978.165 Thread 0x00007f83281d1000 Exception <a 'java/lang/NoSuchMethodError': org.bukkit.Server.getOnlinePlayers()[Lorg/bukkit/entity/Player;> (0x00000000e5ead678) thrown at [/export/home/tester/jenkins/workspace/zulu8-silver-build-rhel64/zulu-src/hotspot/src/share/vm/interpreter/linkReso
Event: 996.653 Thread 0x00007f836464e000 Exception <a 'java/net/UnknownHostException'> (0x00000000e092bc88) thrown at [/export/home/tester/jenkins/workspace/zulu8-silver-build-rhel64/zulu-src/hotspot/src/share/vm/prims/jni.cpp, line 711]
Event: 1527.162 Thread 0x00007f8364580800 Implicit null exception at 0x00007f83561e54cc to 0x00007f83561e5531

Events (10 events):
Event: 1578.081 Thread 0x00007f83640da000 flushing nmethod 0x00007f8355755010
Event: 1578.082 Thread 0x00007f83640da000 flushing nmethod 0x00007f8355762010
Event: 1578.082 Thread 0x00007f83640da000 flushing nmethod 0x00007f8355768b10
Event: 1578.082 Thread 0x00007f83640da000 flushing nmethod 0x00007f8355771110
Event: 1613.059 Executing VM operation: GenCollectForAllocation
Event: 1613.103 Executing VM operation: GenCollectForAllocation done
Event: 1614.678 Thread 0x00007f83640dc000 flushing nmethod 0x00007f83557f1c90
Event: 1614.678 Thread 0x00007f83640dc000 flushing nmethod 0x00007f835581f050
Event: 1638.024 Thread 0x00007f83284a1800 Thread exited: 0x00007f83284a1800
Event: 1687.410 Executing VM operation: GenCollectForAllocation


Dynamic libraries:
e0000000-e9560000 rw-p 00000000 00:00 0 
e9560000-eaaa0000 ---p 00000000 00:00 0 
eaaa0000-fd547000 rw-p 00000000 00:00 0 
fd547000-100000000 ---p 00000000 00:00 0 
100000000-1007ec000 rw-p 00000000 00:00 0 
1007ec000-140000000 ---p 00000000 00:00 0 
5620d9c00000-5620d9c01000 r-xp 00000000 00:61a 4611686018756995491       /nix/store/d9zjaa4bsa3ld40bpfjxz6fssjlz5nv1-zulu-8.48.0.53/bin/.java-wrapped
5620d9e00000-5620d9e01000 r--p 00000000 00:61a 4611686018756995491       /nix/store/d9zjaa4bsa3ld40bpfjxz6fssjlz5nv1-zulu-8.48.0.53/bin/.java-wrapped
5620d9e01000-5620d9e02000 rw-p 00001000 00:61a 4611686018756995491       /nix/store/d9zjaa4bsa3ld40bpfjxz6fssjlz5nv1-zulu-8.48.0.53/bin/.java-wrapped
5620d9e02000-5620d9e03000 rw-p 00002000 00:61a 4611686018756995491       /nix/store/d9zjaa4bsa3ld40bpfjxz6fssjlz5nv1-zulu-8.48.0.53/bin/.java-wrapped
5620d9e03000-5620d9e04000 rw-p 00003000 00:61a 4611686018756995491       /nix/store/d9zjaa4bsa3ld40bpfjxz6fssjlz5nv1-zulu-8.48.0.53/bin/.java-wrapped
5620da53a000-5620da842000 rw-p 00000000 00:00 0                          [heap]
7f82f4000000-7f82f405a000 rw-p 00000000 00:00 0 
7f82f405a000-7f82f8000000 ---p 00000000 00:00 0 
7f82f8e00000-7f82f8f80000 rw-p 00000000 00:00 0 
7f82f8f80000-7f82f9000000 ---p 00000000 00:00 0 
7f82f9000000-7f82f9084000 r-xp 00000000 00:1277 507                      /tmp/sqlite-3.7.2-libsqlitejdbc.so
7f82f9084000-7f82f9284000 ---p 00084000 00:1277 507                      /tmp/sqlite-3.7.2-libsqlitejdbc.so
7f82f9284000-7f82f9285000 r--p 00084000 00:1277 507                      /tmp/sqlite-3.7.2-libsqlitejdbc.so
7f82f9285000-7f82f9288000 rw-p 00085000 00:1277 507                      /tmp/sqlite-3.7.2-libsqlitejdbc.so
7f82f936e000-7f82f938c000 r--p 00000000 00:61a 4611686018734303091       /nix/store/31359c9yjmw4c45172z6xmpjz2wsh0zk-libX11-1.7.2/lib/libX11.so.6.4.0
7f82f938c000-7f82f9418000 r-xp 0001e000 00:61a 4611686018734303091       /nix/store/31359c9yjmw4c45172z6xmpjz2wsh0zk-libX11-1.7.2/lib/libX11.so.6.4.0
7f82f9418000-7f82f94ac000 r--p 000aa000 00:61a 4611686018734303091       /nix/store/31359c9yjmw4c45172z6xmpjz2wsh0zk-libX11-1.7.2/lib/libX11.so.6.4.0
7f82f94ac000-7f82f94ad000 ---p 0013e000 00:61a 4611686018734303091       /nix/store/31359c9yjmw4c45172z6xmpjz2wsh0zk-libX11-1.7.2/lib/libX11.so.6.4.0
7f82f94ad000-7f82f94ae000 r--p 0013e000 00:61a 4611686018734303091       /nix/store/31359c9yjmw4c45172z6xmpjz2wsh0zk-libX11-1.7.2/lib/libX11.so.6.4.0
7f82f94ae000-7f82f94b3000 rw-p 0013f000 00:61a 4611686018734303091       /nix/store/31359c9yjmw4c45172z6xmpjz2wsh0zk-libX11-1.7.2/lib/libX11.so.6.4.0
7f82f94b3000-7f82f9515000 r-xp 00000000 00:61a 4611686018756995773       /nix/store/d9zjaa4bsa3ld40bpfjxz6fssjlz5nv1-zulu-8.48.0.53/jre/lib/amd64/libawt_xawt.so
7f82f9515000-7f82f9715000 ---p 00062000 00:61a 4611686018756995773       /nix/store/d9zjaa4bsa3ld40bpfjxz6fssjlz5nv1-zulu-8.48.0.53/jre/lib/amd64/libawt_xawt.so
7f82f9715000-7f82f9716000 r--p 00062000 00:61a 4611686018756995773       /nix/store/d9zjaa4bsa3ld40bpfjxz6fssjlz5nv1-zulu-8.48.0.53/jre/lib/amd64/libawt_xawt.so
7f82f9716000-7f82f9719000 rw-p 00063000 00:61a 4611686018756995773       /nix/store/d9zjaa4bsa3ld40bpfjxz6fssjlz5nv1-zulu-8.48.0.53/jre/lib/amd64/libawt_xawt.so
7f82f9719000-7f82f971b000 rw-p 00000000 00:00 0 
7f82f971b000-7f82f9723000 rw-p 0007d000 00:61a 4611686018756995773       /nix/store/d9zjaa4bsa3ld40bpfjxz6fssjlz5nv1-zulu-8.48.0.53/jre/lib/amd64/libawt_xawt.so
7f82f9723000-7f82f97c7000 r-xp 00000000 00:61a 4611686018756995771       /nix/store/d9zjaa4bsa3ld40bpfjxz6fssjlz5nv1-zulu-8.48.0.53/jre/lib/amd64/libawt.so
7f82f97c7000-7f82f99c6000 ---p 000a4000 00:61a 4611686018756995771       /nix/store/d9zjaa4bsa3ld40bpfjxz6fssjlz5nv1-zulu-8.48.0.53/jre/lib/amd64/libawt.so
7f82f99c6000-7f82f99c7000 r--p 000a3000 00:61a 4611686018756995771       /nix/store/d9zjaa4bsa3ld40bpfjxz6fssjlz5nv1-zulu-8.48.0.53/jre/lib/amd64/libawt.so
7f82f99c7000-7f82f99d2000 rw-p 000a4000 00:61a 4611686018756995771       /nix/store/d9zjaa4bsa3ld40bpfjxz6fssjlz5nv1-zulu-8.48.0.53/jre/lib/amd64/libawt.so
7f82f99d2000-7f82f99f7000 rw-p 00000000 00:00 0 
7f82f99f7000-7f82f9a00000 rw-p 000be000 00:61a 4611686018756995771       /nix/store/d9zjaa4bsa3ld40bpfjxz6fssjlz5nv1-zulu-8.48.0.53/jre/lib/amd64/libawt.so
7f82f9b00000-7f82f9b04000 ---p 00000000 00:00 0 
7f82f9b04000-7f82f9c00000 rw-p 00000000 00:00 0 
7f82f9c00000-7f82f9c04000 ---p 00000000 00:00 0 
7f82f9c04000-7f82f9d00000 rw-p 00000000 00:00 0 
7f82f9d00000-7f82f9d04000 ---p 00000000 00:00 0 
7f82f9d04000-7f82f9e00000 rw-p 00000000 00:00 0 
7f82f9e00000-7f82f9e04000 ---p 00000000 00:00 0 
7f82f9e04000-7f82f9f00000 rw-p 00000000 00:00 0 
7f82f9f00000-7f82f9f04000 ---p 00000000 00:00 0 
7f82f9f04000-7f82fa000000 rw-p 00000000 00:00 0 
7f82fa000000-7f82fa004000 ---p 00000000 00:00 0 
7f82fa004000-7f82fa100000 rw-p 00000000 00:00 0 
7f82fa100000-7f82fa104000 ---p 00000000 00:00 0 
7f82fa104000-7f82fa200000 rw-p 00000000 00:00 0 
7f82fa200000-7f82fa204000 ---p 00000000 00:00 0 
7f82fa204000-7f82fa300000 rw-p 00000000 00:00 0 
7f82fa700000-7f82fa704000 ---p 00000000 00:00 0 
7f82fa704000-7f82fa800000 rw-p 00000000 00:00 0 
7f82fad00000-7f82fad04000 ---p 00000000 00:00 0 
7f82fad04000-7f82fae00000 rw-p 00000000 00:00 0 
7f82fae00000-7f82fae04000 ---p 00000000 00:00 0 
7f82fae04000-7f82faf00000 rw-p 00000000 00:00 0 
7f82faf00000-7f82faf04000 ---p 00000000 00:00 0 
7f82faf04000-7f82fb000000 rw-p 00000000 00:00 0 
7f82fb000000-7f82fb004000 ---p 00000000 00:00 0 
7f82fb004000-7f82fb100000 rw-p 00000000 00:00 0 
7f82fb100000-7f82fb104000 ---p 00000000 00:00 0 
7f82fb104000-7f82fb200000 rw-p 00000000 00:00 0 
7f82fb200000-7f82fb204000 ---p 00000000 00:00 0 
7f82fb204000-7f82fb300000 rw-p 00000000 00:00 0 
7f82fb300000-7f82fb304000 ---p 00000000 00:00 0 
7f82fb304000-7f82fb400000 rw-p 00000000 00:00 0 
7f82fb400000-7f82fb404000 ---p 00000000 00:00 0 
7f82fb404000-7f82fb500000 rw-p 00000000 00:00 0 
7f82fb500000-7f82fb504000 ---p 00000000 00:00 0 
7f82fb504000-7f82fb600000 rw-p 00000000 00:00 0 
7f82fb600000-7f82fb604000 ---p 00000000 00:00 0 
7f82fb604000-7f82fb700000 rw-p 00000000 00:00 0 
7f82fb700000-7f82fb704000 ---p 00000000 00:00 0 
7f82fb704000-7f82fb800000 rw-p 00000000 00:00 0 
7f82fb800000-7f82fb804000 ---p 00000000 00:00 0 
7f82fb804000-7f82fb900000 rw-p 00000000 00:00 0 
7f82fb900000-7f82fb904000 ---p 00000000 00:00 0 
7f82fb904000-7f82fba00000 rw-p 00000000 00:00 0 
7f82fba00000-7f82fba04000 ---p 00000000 00:00 0 
7f82fba04000-7f82fbb00000 rw-p 00000000 00:00 0 
7f82fbb00000-7f82fbb04000 ---p 00000000 00:00 0 
7f82fbb04000-7f82fbc00000 rw-p 00000000 00:00 0 
7f82fbd00000-7f82fbd04000 ---p 00000000 00:00 0 
7f82fbd04000-7f82fbe00000 rw-p 00000000 00:00 0 
7f82fbe00000-7f82fbe04000 ---p 00000000 00:00 0 
7f82fbe04000-7f82fbf00000 rw-p 00000000 00:00 0 
7f82fbf00000-7f82fbf04000 ---p 00000000 00:00 0 
7f82fbf04000-7f82fc000000 rw-p 00000000 00:00 0 
7f82fc000000-7f82fc094000 rw-p 00000000 00:00 0 
7f82fc094000-7f8300000000 ---p 00000000 00:00 0 
7f8300000000-7f830004b000 rw-p 00000000 00:00 0 
7f830004b000-7f8304000000 ---p 00000000 00:00 0 
7f8304000000-7f8304050000 rw-p 00000000 00:00 0 
7f8304050000-7f8308000000 ---p 00000000 00:00 0 
7f8308000000-7f830805c000 rw-p 00000000 00:00 0 
7f830805c000-7f830c000000 ---p 00000000 00:00 0 
7f830c000000-7f830c047000 rw-p 00000000 00:00 0 
7f830c047000-7f8310000000 ---p 00000000 00:00 0 
7f8310000000-7f8310149000 rw-p 00000000 00:00 0 
7f8310149000-7f8314000000 ---p 00000000 00:00 0 
7f8314000000-7f831404e000 rw-p 00000000 00:00 0 
7f831404e000-7f8318000000 ---p 00000000 00:00 0 
7f8318000000-7f8318021000 rw-p 00000000 00:00 0 
7f8318021000-7f831c000000 ---p 00000000 00:00 0 
7f831c000000-7f831c3b7000 rw-p 00000000 00:00 0 
7f831c3b7000-7f8320000000 ---p 00000000 00:00 0 
7f8320000000-7f832008a000 rw-p 00000000 00:00 0 
7f832008a000-7f8324000000 ---p 00000000 00:00 0 
7f8324000000-7f8324021000 rw-p 00000000 00:00 0 
7f8324021000-7f8328000000 ---p 00000000 00:00 0 
7f8328000000-7f832a1e7000 rw-p 00000000 00:00 0 
7f832a1e7000-7f832c000000 ---p 00000000 00:00 0 
7f832c000000-7f832c043000 rw-p 00000000 00:00 0 
7f832c043000-7f8330000000 ---p 00000000 00:00 0 
7f8330000000-7f83302a0000 rw-p 00000000 00:00 0 
7f83302a0000-7f8334000000 ---p 00000000 00:00 0 
7f83340b0000-7f83340b4000 ---p 00000000 00:00 0 
7f83340b4000-7f83341b0000 rw-p 00000000 00:00 0 
7f83341b0000-7f83341b4000 ---p 00000000 00:00 0 
7f83341b4000-7f83342b0000 rw-p 00000000 00:00 0 
7f83342b0000-7f83342b4000 ---p 00000000 00:00 0 
7f83342b4000-7f83343b0000 rw-p 00000000 00:00 0 
7f83343b0000-7f83343b4000 ---p 00000000 00:00 0 
7f83343b4000-7f83344b0000 rw-p 00000000 00:00 0 
7f83344b0000-7f83344b4000 ---p 00000000 00:00 0 
7f83344b4000-7f83345b0000 rw-p 00000000 00:00 0 
7f83345b0000-7f83345b4000 ---p 00000000 00:00 0 
7f83345b4000-7f83346b0000 rw-p 00000000 00:00 0 
7f83346b0000-7f83346b4000 ---p 00000000 00:00 0 
7f83346b4000-7f83347b0000 rw-p 00000000 00:00 0 
7f83347b0000-7f83347b4000 ---p 00000000 00:00 0 
7f83347b4000-7f83348b0000 rw-p 00000000 00:00 0 
7f83348b0000-7f83348b4000 ---p 00000000 00:00 0 
7f83348b4000-7f83349b0000 rw-p 00000000 00:00 0 
7f83349b0000-7f83349b4000 ---p 00000000 00:00 0 
7f83349b4000-7f8334ab0000 rw-p 00000000 00:00 0 
7f8334ab0000-7f8334ab4000 ---p 00000000 00:00 0 
7f8334ab4000-7f8334bb0000 rw-p 00000000 00:00 0 
7f8334bb0000-7f8334bb4000 ---p 00000000 00:00 0 
7f8334bb4000-7f8334cb0000 rw-p 00000000 00:00 0 
7f8334cb0000-7f8334cb4000 ---p 00000000 00:00 0 
7f8334cb4000-7f8334fb0000 rw-p 00000000 00:00 0 
7f8334fb0000-7f83351b0000 rw-p 00000000 00:00 0 
7f83351b0000-7f83351b4000 ---p 00000000 00:00 0 
7f83351b4000-7f83354b0000 rw-p 00000000 00:00 0 
7f83354b0000-7f83354b4000 ---p 00000000 00:00 0 
7f83354b4000-7f83357b0000 rw-p 00000000 00:00 0 
7f83357b0000-7f83359b0000 rw-p 00000000 00:00 0 
7f83359b0000-7f8335bb0000 rw-p 00000000 00:00 0 
7f8335bb0000-7f8335db0000 rw-p 00000000 00:00 0 
7f8335db0000-7f8335de9000 r-xp 00000000 00:61a 4611686018756995801       /nix/store/d9zjaa4bsa3ld40bpfjxz6fssjlz5nv1-zulu-8.48.0.53/jre/lib/amd64/libsunec.so
7f8335de9000-7f8335fe8000 ---p 00039000 00:61a 4611686018756995801       /nix/store/d9zjaa4bsa3ld40bpfjxz6fssjlz5nv1-zulu-8.48.0.53/jre/lib/amd64/libsunec.so
7f8335fe8000-7f8335fed000 r--p 00038000 00:61a 4611686018756995801       /nix/store/d9zjaa4bsa3ld40bpfjxz6fssjlz5nv1-zulu-8.48.0.53/jre/lib/amd64/libsunec.so
7f8335fed000-7f8335fef000 rw-p 0003d000 00:61a 4611686018756995801       /nix/store/d9zjaa4bsa3ld40bpfjxz6fssjlz5nv1-zulu-8.48.0.53/jre/lib/amd64/libsunec.so
7f8335fef000-7f8336000000 rw-p 00000000 00:00 0 
7f8336000000-7f8336004000 ---p 00000000 00:00 0 
7f8336004000-7f8336100000 rw-p 00000000 00:00 0 
7f8336100000-7f8336104000 ---p 00000000 00:00 0 
7f8336104000-7f83363fe000 rw-p 00000000 00:00 0 
7f83363fe000-7f8336400000 ---p 00000000 00:00 0 
7f8336400000-7f8336600000 rw-p 00000000 00:00 0 
7f8336600000-7f8336611000 r-xp 00000000 00:1277 504                      /tmp/libnetty_transport_native_epoll_x86_642829756181098556535.so (deleted)
7f8336611000-7f8336810000 ---p 00011000 00:1277 504                      /tmp/libnetty_transport_native_epoll_x86_642829756181098556535.so (deleted)
7f8336810000-7f8336813000 r--p 00010000 00:1277 504                      /tmp/libnetty_transport_native_epoll_x86_642829756181098556535.so (deleted)
7f8336813000-7f8336814000 rw-p 00000000 00:00 0 
7f83368ff000-7f8336903000 ---p 00000000 00:00 0 
7f8336903000-7f8336bff000 rw-p 00000000 00:00 0 
7f8336bff000-7f8336c03000 ---p 00000000 00:00 0 
7f8336c03000-7f8336cff000 rw-p 00000000 00:00 0 
7f8336cff000-7f8336d03000 ---p 00000000 00:00 0 
7f8336d03000-7f8336fff000 rw-p 00000000 00:00 0 
7f8337000000-7f8337200000 rw-p 00000000 00:00 0 
7f8337200000-7f8337400000 rw-p 00000000 00:00 0 
7f8337400000-7f833740d000 r-xp 00000000 00:1277 506                      /tmp/liblz4-java4601002942751492598.so
7f833740d000-7f833760c000 ---p 0000d000 00:1277 506                      /tmp/liblz4-java4601002942751492598.so
7f833760c000-7f833760d000 rw-p 0000c000 00:1277 506                      /tmp/liblz4-java4601002942751492598.so
7f83376c6000-7f83376ca000 ---p 00000000 00:00 0 
7f83376ca000-7f8337700000 rw-p 00000000 00:00 0 
7f8337700000-7f8337704000 ---p 00000000 00:00 0 
7f8337704000-7f8337800000 rw-p 00000000 00:00 0 
7f8337800000-7f833787e000 r-xp 00000000 00:1277 505                      /tmp/libzstd8328671792529181918.so
7f833787e000-7f8337a7e000 ---p 0007e000 00:1277 505                      /tmp/libzstd8328671792529181918.so
7f8337a7e000-7f8337a7f000 r--p 0007e000 00:1277 505                      /tmp/libzstd8328671792529181918.so
7f8337a7f000-7f8337a80000 rw-p 0007f000 00:1277 505                      /tmp/libzstd8328671792529181918.so
7f8337a9f000-7f8337aa1000 r--p 00000000 00:61a 4611686018734291913       /nix/store/0vjcj68syvk2pd87zjr8z17y4b3166b8-libXdmcp-1.1.3/lib/libXdmcp.so.6.0.0
7f8337aa1000-7f8337aa3000 r-xp 00002000 00:61a 4611686018734291913       /nix/store/0vjcj68syvk2pd87zjr8z17y4b3166b8-libXdmcp-1.1.3/lib/libXdmcp.so.6.0.0
7f8337aa3000-7f8337aa5000 r--p 00004000 00:61a 4611686018734291913       /nix/store/0vjcj68syvk2pd87zjr8z17y4b3166b8-libXdmcp-1.1.3/lib/libXdmcp.so.6.0.0
7f8337aa5000-7f8337aa6000 r--p 00005000 00:61a 4611686018734291913       /nix/store/0vjcj68syvk2pd87zjr8z17y4b3166b8-libXdmcp-1.1.3/lib/libXdmcp.so.6.0.0
7f8337aa6000-7f8337aa7000 rw-p 00006000 00:61a 4611686018734291913       /nix/store/0vjcj68syvk2pd87zjr8z17y4b3166b8-libXdmcp-1.1.3/lib/libXdmcp.so.6.0.0
7f8337aa7000-7f8337aa8000 r--p 00000000 00:61a 4611686018734291810       /nix/store/b87snadfksdi8jpl5bndpyp6fz0195jy-libXau-1.0.9/lib/libXau.so.6.0.0
7f8337aa8000-7f8337aa9000 r-xp 00001000 00:61a 4611686018734291810       /nix/store/b87snadfksdi8jpl5bndpyp6fz0195jy-libXau-1.0.9/lib/libXau.so.6.0.0
7f8337aa9000-7f8337aaa000 r--p 00002000 00:61a 4611686018734291810       /nix/store/b87snadfksdi8jpl5bndpyp6fz0195jy-libXau-1.0.9/lib/libXau.so.6.0.0
7f8337aaa000-7f8337aab000 r--p 00002000 00:61a 4611686018734291810       /nix/store/b87snadfksdi8jpl5bndpyp6fz0195jy-libXau-1.0.9/lib/libXau.so.6.0.0
7f8337aab000-7f8337aac000 rw-p 00003000 00:61a 4611686018734291810       /nix/store/b87snadfksdi8jpl5bndpyp6fz0195jy-libXau-1.0.9/lib/libXau.so.6.0.0
7f8337aac000-7f8337ab9000 r--p 00000000 00:61a 4611686018734299849       /nix/store/ky1764f3wljjz4x3jr48zab9zh2qnn5l-libxcb-1.14/lib/libxcb.so.1.1.0
7f8337ab9000-7f8337acc000 r-xp 0000d000 00:61a 4611686018734299849       /nix/store/ky1764f3wljjz4x3jr48zab9zh2qnn5l-libxcb-1.14/lib/libxcb.so.1.1.0
7f8337acc000-7f8337ad5000 r--p 00020000 00:61a 4611686018734299849       /nix/store/ky1764f3wljjz4x3jr48zab9zh2qnn5l-libxcb-1.14/lib/libxcb.so.1.1.0
7f8337ad5000-7f8337ad6000 r--p 00028000 00:61a 4611686018734299849       /nix/store/ky1764f3wljjz4x3jr48zab9zh2qnn5l-libxcb-1.14/lib/libxcb.so.1.1.0
7f8337ad6000-7f8337ad7000 rw-p 00029000 00:61a 4611686018734299849       /nix/store/ky1764f3wljjz4x3jr48zab9zh2qnn5l-libxcb-1.14/lib/libxcb.so.1.1.0
7f8337ad7000-7f8337ada000 r--p 00000000 00:61a 4611686018734304912       /nix/store/gx4h8bqjsqmzxa44zsj7w3vjfydb28n6-libXi-1.8/lib/libXi.so.6.1.0
7f8337ada000-7f8337ae6000 r-xp 00003000 00:61a 4611686018734304912       /nix/store/gx4h8bqjsqmzxa44zsj7w3vjfydb28n6-libXi-1.8/lib/libXi.so.6.1.0
7f8337ae6000-7f8337ae9000 r--p 0000f000 00:61a 4611686018734304912       /nix/store/gx4h8bqjsqmzxa44zsj7w3vjfydb28n6-libXi-1.8/lib/libXi.so.6.1.0
7f8337ae9000-7f8337aea000 r--p 00011000 00:61a 4611686018734304912       /nix/store/gx4h8bqjsqmzxa44zsj7w3vjfydb28n6-libXi-1.8/lib/libXi.so.6.1.0
7f8337aea000-7f8337aeb000 rw-p 00012000 00:61a 4611686018734304912       /nix/store/gx4h8bqjsqmzxa44zsj7w3vjfydb28n6-libXi-1.8/lib/libXi.so.6.1.0
7f8337aeb000-7f8337aed000 r--p 00000000 00:61a 4611686018734305410       /nix/store/zxxfn6a37s53lpzxz9fnr1hjpczwkq2f-libXtst-1.2.3/lib/libXtst.so.6.1.0
7f8337aed000-7f8337af0000 r-xp 00002000 00:61a 4611686018734305410       /nix/store/zxxfn6a37s53lpzxz9fnr1hjpczwkq2f-libXtst-1.2.3/lib/libXtst.so.6.1.0
7f8337af0000-7f8337af1000 r--p 00005000 00:61a 4611686018734305410       /nix/store/zxxfn6a37s53lpzxz9fnr1hjpczwkq2f-libXtst-1.2.3/lib/libXtst.so.6.1.0
7f8337af1000-7f8337af2000 r--p 00005000 00:61a 4611686018734305410       /nix/store/zxxfn6a37s53lpzxz9fnr1hjpczwkq2f-libXtst-1.2.3/lib/libXtst.so.6.1.0
7f8337af2000-7f8337af3000 rw-p 00006000 00:61a 4611686018734305410       /nix/store/zxxfn6a37s53lpzxz9fnr1hjpczwkq2f-libXtst-1.2.3/lib/libXtst.so.6.1.0
7f8337af3000-7f8337af5000 r--p 00000000 00:61a 4611686018734305265       /nix/store/0j5kn0y8w955spfjjkz4h82q6jdn387b-libXrender-0.9.10/lib/libXrender.so.1.3.0
7f8337af5000-7f8337afc000 r-xp 00002000 00:61a 4611686018734305265       /nix/store/0j5kn0y8w955spfjjkz4h82q6jdn387b-libXrender-0.9.10/lib/libXrender.so.1.3.0
7f8337afc000-7f8337afe000 r--p 00009000 00:61a 4611686018734305265       /nix/store/0j5kn0y8w955spfjjkz4h82q6jdn387b-libXrender-0.9.10/lib/libXrender.so.1.3.0
7f8337afe000-7f8337aff000 r--p 0000a000 00:61a 4611686018734305265       /nix/store/0j5kn0y8w955spfjjkz4h82q6jdn387b-libXrender-0.9.10/lib/libXrender.so.1.3.0
7f8337aff000-7f8337b00000 rw-p 0000b000 00:61a 4611686018734305265       /nix/store/0j5kn0y8w955spfjjkz4h82q6jdn387b-libXrender-0.9.10/lib/libXrender.so.1.3.0
7f8337b00000-7f8337b04000 ---p 00000000 00:00 0 
7f8337b04000-7f8337e00000 rw-p 00000000 00:00 0 
7f8337e00000-7f8338000000 rw-p 00000000 00:00 0 
7f8338000000-7f8338ea8000 rw-p 00000000 00:00 0 
7f8338ea8000-7f833c000000 ---p 00000000 00:00 0 
7f833c000000-7f833c021000 rw-p 00000000 00:00 0 
7f833c021000-7f8340000000 ---p 00000000 00:00 0 
7f8340000000-7f8340021000 rw-p 00000000 00:00 0 
7f8340021000-7f8344000000 ---p 00000000 00:00 0 
7f8344000000-7f834590d000 rw-p 00000000 00:00 0 
7f834590d000-7f8348000000 ---p 00000000 00:00 0 
7f8348000000-7f8348021000 rw-p 00000000 00:00 0 
7f8348021000-7f834c000000 ---p 00000000 00:00 0 
7f834c000000-7f834c021000 rw-p 00000000 00:00 0 
7f834c021000-7f8350000000 ---p 00000000 00:00 0 
7f8350000000-7f835011b000 rw-p 00000000 00:00 0 
7f835011b000-7f8354000000 ---p 00000000 00:00 0 
7f8354000000-7f8354200000 rw-p 00000000 00:00 0 
7f8354200000-7f8354204000 ---p 00000000 00:00 0 
7f8354204000-7f8354300000 rw-p 00000000 00:00 0 
7f8354300000-7f8354304000 ---p 00000000 00:00 0 
7f8354304000-7f8354600000 rw-p 00000000 00:00 0 
7f8354600000-7f8354800000 rw-p 00000000 00:00 0 
7f8354800000-7f8354a00000 rw-p 00000000 00:00 0 
7f8354a00000-7f8354c00000 rw-p 00000000 00:00 0 
7f8354c00000-7f8354c03000 r-xp 00000000 00:1277 503                      /tmp/jansi-2.3.2-2f25e9728c829550-libjansi.so
7f8354c03000-7f8354e02000 ---p 00003000 00:1277 503                      /tmp/jansi-2.3.2-2f25e9728c829550-libjansi.so
7f8354e02000-7f8354e03000 rw-p 00002000 00:1277 503                      /tmp/jansi-2.3.2-2f25e9728c829550-libjansi.so
7f8354e04000-7f8354e08000 r--p 00000000 00:61a 4611686018734304799       /nix/store/7sx990hnww7jnwv51mgln2kv5ni6im8r-libXext-1.3.4/lib/libXext.so.6.4.0
7f8354e08000-7f8354e13000 r-xp 00004000 00:61a 4611686018734304799       /nix/store/7sx990hnww7jnwv51mgln2kv5ni6im8r-libXext-1.3.4/lib/libXext.so.6.4.0
7f8354e13000-7f8354e17000 r--p 0000f000 00:61a 4611686018734304799       /nix/store/7sx990hnww7jnwv51mgln2kv5ni6im8r-libXext-1.3.4/lib/libXext.so.6.4.0
7f8354e17000-7f8354e18000 r--p 00012000 00:61a 4611686018734304799       /nix/store/7sx990hnww7jnwv51mgln2kv5ni6im8r-libXext-1.3.4/lib/libXext.so.6.4.0
7f8354e18000-7f8354e19000 rw-p 00013000 00:61a 4611686018734304799       /nix/store/7sx990hnww7jnwv51mgln2kv5ni6im8r-libXext-1.3.4/lib/libXext.so.6.4.0
7f8354e19000-7f8354e34000 r--s 00394000 00:61a 4611686018756995818       /nix/store/d9zjaa4bsa3ld40bpfjxz6fssjlz5nv1-zulu-8.48.0.53/jre/lib/ext/cldrdata.jar
7f8354e34000-7f8354e3e000 r--s 00117000 00:61a 4611686018756995822       /nix/store/d9zjaa4bsa3ld40bpfjxz6fssjlz5nv1-zulu-8.48.0.53/jre/lib/ext/localedata.jar
7f8354e3e000-7f8354e43000 r--s 0003d000 00:61a 4611686018756995827       /nix/store/d9zjaa4bsa3ld40bpfjxz6fssjlz5nv1-zulu-8.48.0.53/jre/lib/ext/sunjce_provider.jar
7f8354e43000-7f8354e47000 r--s 00040000 00:61a 4611686018756995828       /nix/store/d9zjaa4bsa3ld40bpfjxz6fssjlz5nv1-zulu-8.48.0.53/jre/lib/ext/sunpkcs11.jar
7f8354e47000-7f8354e50000 r--s 0005d000 00:14c5 5279                     /home/runner/eaglerx-server2/server/plugins/BetterRTP-3.6.1.jar
7f8354e50000-7f8354e57000 r--s 000aa000 00:14c5 5343                     /home/runner/eaglerx-server2/server/plugins/EconomyShopGUI-5.1.3.jar
7f8354e57000-7f8354e78000 r--s 002b4000 00:14c5 5266                     /home/runner/eaglerx-server2/server/plugins/EssentialsX-2.19.7.jar
7f8354e78000-7f8354e99000 r--s 00185000 00:14c5 5487                     /home/runner/eaglerx-server2/server/plugins/WorldEdit.jar
7f8354e99000-7f8354e9f000 r--s 0005b000 00:14c5 5347                     /home/runner/eaglerx-server2/server/plugins/SilkSpawners.jar
7f8354e9f000-7f8354ec0000 r--s 001a4000 00:14c5 5403                     /home/runner/eaglerx-server2/server/plugins/toolstats-4.7.1.jar
7f8354ec0000-7f8354ed0000 r--s 000e8000 00:14c5 5503                     /home/runner/eaglerx-server2/server/plugins/item-nbt-api-plugin-2.11.1.jar
7f8354ed0000-7f8354f00000 r--s 0054f000 00:14c5 5393                     /home/runner/eaglerx-server2/server/plugins/FastAsyncWorldEdit-bukkit-21.03.09-a5e5590-1285-22.3.8.jar
7f8354f00000-7f8354f04000 ---p 00000000 00:00 0 
7f8354f04000-7f8355000000 rw-p 00000000 00:00 0 
7f8355000000-7f8356450000 rwxp 00000000 00:00 0 
7f8356450000-7f8364000000 ---p 00000000 00:00 0 
7f8364000000-7f83646e3000 rw-p 00000000 00:00 0 
7f83646e3000-7f8368000000 ---p 00000000 00:00 0 
7f8368000000-7f8368001000 r--s 0000d000 00:61a 4611686018756995826       /nix/store/d9zjaa4bsa3ld40bpfjxz6fssjlz5nv1-zulu-8.48.0.53/jre/lib/ext/sunec.jar
7f8368001000-7f8368004000 r--s 0003b000 00:14c5 5348                     /home/runner/eaglerx-server2/server/plugins/GriefPrevention.jar
7f8368004000-7f8368009000 r--s 00044000 00:14c5 5469                     /home/runner/eaglerx-server2/server/plugins/Vault.jar
7f8368009000-7f836800b000 r--s 00009000 00:14c5 5483                     /home/runner/eaglerx-server2/server/plugins/FarmProtect-v1.9.0.jar
7f836800b000-7f836800d000 r--s 00006000 00:14c5 5484                     /home/runner/eaglerx-server2/server/plugins/ImgMap.jar
7f836800d000-7f8368010000 r--s 0001f000 00:14c5 5452                     /home/runner/eaglerx-server2/server/plugins/TreeAssist-1.8.jar
7f8368010000-7f8368011000 r--s 00004000 00:14c5 5345                     /home/runner/eaglerx-server2/server/plugins/VeinMiner.jar
7f8368011000-7f8368013000 r--s 00014000 00:14c5 5468                     /home/runner/eaglerx-server2/server/plugins/AntiCreeper.jar
7f8368013000-7f836801a000 r--s 00048000 00:14c5 5477                     /home/runner/eaglerx-server2/server/plugins/iDisguise.jar
7f836801a000-7f836801c000 r--s 00012000 00:14c5 5344                     /home/runner/eaglerx-server2/server/plugins/HealthBar.jar
7f836801c000-7f836801d000 r--s 00007000 00:14c5 5346                     /home/runner/eaglerx-server2/server/plugins/UberEnchant.jar
7f836801d000-7f836801f000 r--s 00006000 00:14c5 5591                     /home/runner/eaglerx-server2/server/plugins/OfflineManager.jar
7f836801f000-7f8368021000 r--s 00016000 00:61a 4611686018756995848       /nix/store/d9zjaa4bsa3ld40bpfjxz6fssjlz5nv1-zulu-8.48.0.53/jre/lib/jce.jar
7f8368021000-7f8368034000 r--s 0034c000 00:61a 4611686018756995865       /nix/store/d9zjaa4bsa3ld40bpfjxz6fssjlz5nv1-zulu-8.48.0.53/jre/lib/resources.jar
7f8368034000-7f8368234000 rw-p 00000000 00:00 0 
7f8368234000-7f836824f000 r--s 001d6000 00:61a 4611686018756995824       /nix/store/d9zjaa4bsa3ld40bpfjxz6fssjlz5nv1-zulu-8.48.0.53/jre/lib/ext/nashorn.jar
7f836824f000-7f836844f000 rw-p 00000000 00:00 0 
7f836844f000-7f8368453000 ---p 00000000 00:00 0 
7f8368453000-7f836854f000 rw-p 00000000 00:00 0 
7f836854f000-7f8368557000 r-xp 00000000 00:61a 4611686018756995793       /nix/store/d9zjaa4bsa3ld40bpfjxz6fssjlz5nv1-zulu-8.48.0.53/jre/lib/amd64/libmanagement.so
7f8368557000-7f8368757000 ---p 00008000 00:61a 4611686018756995793       /nix/store/d9zjaa4bsa3ld40bpfjxz6fssjlz5nv1-zulu-8.48.0.53/jre/lib/amd64/libmanagement.so
7f8368757000-7f8368758000 r--p 00008000 00:61a 4611686018756995793       /nix/store/d9zjaa4bsa3ld40bpfjxz6fssjlz5nv1-zulu-8.48.0.53/jre/lib/amd64/libmanagement.so
7f8368758000-7f8368759000 rw-p 00009000 00:61a 4611686018756995793       /nix/store/d9zjaa4bsa3ld40bpfjxz6fssjlz5nv1-zulu-8.48.0.53/jre/lib/amd64/libmanagement.so
7f8368759000-7f836875b000 rw-p 0000d000 00:61a 4611686018756995793       /nix/store/d9zjaa4bsa3ld40bpfjxz6fssjlz5nv1-zulu-8.48.0.53/jre/lib/amd64/libmanagement.so
7f836875b000-7f83688d3000 r--s 01704000 00:14c5 5461                     /home/runner/eaglerx-server2/server/cache/patched_1.8.8.jar
7f83688d3000-7f83688e5000 r--s 001c4000 00:61a 4611686018756995853       /nix/store/d9zjaa4bsa3ld40bpfjxz6fssjlz5nv1-zulu-8.48.0.53/jre/lib/jsse.jar
7f83688e5000-7f83688fd000 r-xp 00000000 00:61a 4611686018756995795       /nix/store/d9zjaa4bsa3ld40bpfjxz6fssjlz5nv1-zulu-8.48.0.53/jre/lib/amd64/libnet.so
7f83688fd000-7f8368afc000 ---p 00018000 00:61a 4611686018756995795       /nix/store/d9zjaa4bsa3ld40bpfjxz6fssjlz5nv1-zulu-8.48.0.53/jre/lib/amd64/libnet.so
7f8368afc000-7f8368afd000 r--p 00017000 00:61a 4611686018756995795       /nix/store/d9zjaa4bsa3ld40bpfjxz6fssjlz5nv1-zulu-8.48.0.53/jre/lib/amd64/libnet.so
7f8368afd000-7f8368afe000 rw-p 00018000 00:61a 4611686018756995795       /nix/store/d9zjaa4bsa3ld40bpfjxz6fssjlz5nv1-zulu-8.48.0.53/jre/lib/amd64/libnet.so
7f8368afe000-7f8368b00000 rw-p 0001e000 00:61a 4611686018756995795       /nix/store/d9zjaa4bsa3ld40bpfjxz6fssjlz5nv1-zulu-8.48.0.53/jre/lib/amd64/libnet.so
7f8368b00000-7f8368b11000 r-xp 00000000 00:61a 4611686018756995796       /nix/store/d9zjaa4bsa3ld40bpfjxz6fssjlz5nv1-zulu-8.48.0.53/jre/lib/amd64/libnio.so
7f8368b11000-7f8368d11000 ---p 00011000 00:61a 4611686018756995796       /nix/store/d9zjaa4bsa3ld40bpfjxz6fssjlz5nv1-zulu-8.48.0.53/jre/lib/amd64/libnio.so
7f8368d11000-7f8368d12000 r--p 00011000 00:61a 4611686018756995796       /nix/store/d9zjaa4bsa3ld40bpfjxz6fssjlz5nv1-zulu-8.48.0.53/jre/lib/amd64/libnio.so
7f8368d12000-7f8368d13000 rw-p 00012000 00:61a 4611686018756995796       /nix/store/d9zjaa4bsa3ld40bpfjxz6fssjlz5nv1-zulu-8.48.0.53/jre/lib/amd64/libnio.so
7f8368d13000-7f8368d16000 rw-p 00019000 00:61a 4611686018756995796       /nix/store/d9zjaa4bsa3ld40bpfjxz6fssjlz5nv1-zulu-8.48.0.53/jre/lib/amd64/libnio.so
7f8368d16000-7f8368d21000 r--s 01692000 00:14c5 5459                     /home/runner/eaglerx-server2/server/server.jar
7f8368d21000-7f8368d39000 r--s 0012d000 00:61a 4611686018756995825       /nix/store/d9zjaa4bsa3ld40bpfjxz6fssjlz5nv1-zulu-8.48.0.53/jre/lib/ext/openjsse.jar
7f8368d39000-7f8368d3f000 r--s 00065000 00:61a 4611686018756995821       /nix/store/d9zjaa4bsa3ld40bpfjxz6fssjlz5nv1-zulu-8.48.0.53/jre/lib/ext/legacy8ujsse.jar
7f8368d3f000-7f8368d40000 ---p 00000000 00:00 0 
7f8368d40000-7f8368e40000 rw-p 00000000 00:00 0 
7f8368e40000-7f8368e44000 ---p 00000000 00:00 0 
7f8368e44000-7f8368f40000 rw-p 00000000 00:00 0 
7f8368f40000-7f8368f41000 ---p 00000000 00:00 0 
7f8368f41000-7f8368f45000 ---p 00000000 00:00 0 
7f8368f45000-7f8369041000 rw-p 00000000 00:00 0 
7f8369041000-7f8369042000 ---p 00000000 00:00 0 
7f8369042000-7f8369046000 ---p 00000000 00:00 0 
7f8369046000-7f8369142000 rw-p 00000000 00:00 0 
7f8369142000-7f8369149000 r--s 000d3000 00:61a 4611686018756995852       /nix/store/d9zjaa4bsa3ld40bpfjxz6fssjlz5nv1-zulu-8.48.0.53/jre/lib/jfr.jar
7f8369149000-7f836914d000 ---p 00000000 00:00 0 
7f836914d000-7f8369249000 rw-p 00000000 00:00 0 
7f8369249000-7f836952f000 r--p 00000000 00:12f7 28444448                 /usr/lib/locale/locale-archive
7f836952f000-7f8369533000 ---p 00000000 00:00 0 
7f8369533000-7f836962f000 rw-p 00000000 00:00 0 
7f836962f000-7f8369633000 ---p 00000000 00:00 0 
7f8369633000-7f836972f000 rw-p 00000000 00:00 0 
7f836972f000-7f8369730000 ---p 00000000 00:00 0 
7f8369730000-7f836987e000 rw-p 00000000 00:00 0 
7f836987e000-7f8369a51000 r--s 03cdf000 00:61a 4611686018756995866       /nix/store/d9zjaa4bsa3ld40bpfjxz6fssjlz5nv1-zulu-8.48.0.53/jre/lib/rt.jar
7f8369a51000-7f836a322000 rw-p 00000000 00:00 0 
7f836a322000-7f836a3b8000 rw-p 00000000 00:00 0 
7f836a3b8000-7f836a3cd000 ---p 00000000 00:00 0 
7f836a3cd000-7f836a418000 rw-p 00000000 00:00 0 
7f836a418000-7f836a422000 ---p 00000000 00:00 0 
7f836a422000-7f836a4b8000 rw-p 00000000 00:00 0 
7f836a4b8000-7f836a4cd000 ---p 00000000 00:00 0 
7f836a4cd000-7f836a520000 rw-p 00000000 00:00 0 
7f836a520000-7f836a88e000 ---p 00000000 00:00 0 
7f836a88e000-7f836a8a9000 r-xp 00000000 00:61a 4611686018756995804       /nix/store/d9zjaa4bsa3ld40bpfjxz6fssjlz5nv1-zulu-8.48.0.53/jre/lib/amd64/libzip.so
7f836a8a9000-7f836aaa9000 ---p 0001b000 00:61a 4611686018756995804       /nix/store/d9zjaa4bsa3ld40bpfjxz6fssjlz5nv1-zulu-8.48.0.53/jre/lib/amd64/libzip.so
7f836aaa9000-7f836aaaa000 r--p 0001b000 00:61a 4611686018756995804       /nix/store/d9zjaa4bsa3ld40bpfjxz6fssjlz5nv1-zulu-8.48.0.53/jre/lib/amd64/libzip.so
7f836aaaa000-7f836aaab000 rw-p 0001c000 00:61a 4611686018756995804       /nix/store/d9zjaa4bsa3ld40bpfjxz6fssjlz5nv1-zulu-8.48.0.53/jre/lib/amd64/libzip.so
7f836aaab000-7f836aaac000 rw-p 00021000 00:61a 4611686018756995804       /nix/store/d9zjaa4bsa3ld40bpfjxz6fssjlz5nv1-zulu-8.48.0.53/jre/lib/amd64/libzip.so
7f836aaac000-7f836aab4000 rw-s 00000000 00:1277 501                      /tmp/hsperfdata_runner/50
7f836aab4000-7f836aab5000 rw-p 00000000 00:00 0 
7f836aab5000-7f836aab6000 r--p 00000000 00:00 0 
7f836aab6000-7f836aade000 r-xp 00000000 00:61a 4611686018756995783       /nix/store/d9zjaa4bsa3ld40bpfjxz6fssjlz5nv1-zulu-8.48.0.53/jre/lib/amd64/libjava.so
7f836aade000-7f836acdd000 ---p 00028000 00:61a 4611686018756995783       /nix/store/d9zjaa4bsa3ld40bpfjxz6fssjlz5nv1-zulu-8.48.0.53/jre/lib/amd64/libjava.so
7f836acdd000-7f836acde000 r--p 00027000 00:61a 4611686018756995783       /nix/store/d9zjaa4bsa3ld40bpfjxz6fssjlz5nv1-zulu-8.48.0.53/jre/lib/amd64/libjava.so
7f836acde000-7f836ace0000 rw-p 00028000 00:61a 4611686018756995783       /nix/store/d9zjaa4bsa3ld40bpfjxz6fssjlz5nv1-zulu-8.48.0.53/jre/lib/amd64/libjava.so
7f836ace0000-7f836ace5000 rw-p 00033000 00:61a 4611686018756995783       /nix/store/d9zjaa4bsa3ld40bpfjxz6fssjlz5nv1-zulu-8.48.0.53/jre/lib/amd64/libjava.so
7f836ace5000-7f836acf3000 r-xp 00000000 00:61a 4611686018756995803       /nix/store/d9zjaa4bsa3ld40bpfjxz6fssjlz5nv1-zulu-8.48.0.53/jre/lib/amd64/libverify.so
7f836acf3000-7f836aef2000 ---p 0000e000 00:61a 4611686018756995803       /nix/store/d9zjaa4bsa3ld40bpfjxz6fssjlz5nv1-zulu-8.48.0.53/jre/lib/amd64/libverify.so
7f836aef2000-7f836aef4000 r--p 0000d000 00:61a 4611686018756995803       /nix/store/d9zjaa4bsa3ld40bpfjxz6fssjlz5nv1-zulu-8.48.0.53/jre/lib/amd64/libverify.so
7f836aef4000-7f836aef5000 rw-p 0000f000 00:61a 4611686018756995803       /nix/store/d9zjaa4bsa3ld40bpfjxz6fssjlz5nv1-zulu-8.48.0.53/jre/lib/amd64/libverify.so
7f836aef5000-7f836aef6000 rw-p 00012000 00:61a 4611686018756995803       /nix/store/d9zjaa4bsa3ld40bpfjxz6fssjlz5nv1-zulu-8.48.0.53/jre/lib/amd64/libverify.so
7f836aef6000-7f836aef7000 r--p 00000000 00:61a 4611686018734270204       /nix/store/scd5n7xsn0hh0lvhhnycr9gx0h8xfzsl-glibc-2.34-210/lib/librt.so.1
7f836aef7000-7f836aef8000 r-xp 00001000 00:61a 4611686018734270204       /nix/store/scd5n7xsn0hh0lvhhnycr9gx0h8xfzsl-glibc-2.34-210/lib/librt.so.1
7f836aef8000-7f836aef9000 r--p 00002000 00:61a 4611686018734270204       /nix/store/scd5n7xsn0hh0lvhhnycr9gx0h8xfzsl-glibc-2.34-210/lib/librt.so.1
7f836aef9000-7f836aefa000 r--p 00002000 00:61a 4611686018734270204       /nix/store/scd5n7xsn0hh0lvhhnycr9gx0h8xfzsl-glibc-2.34-210/lib/librt.so.1
7f836aefa000-7f836aefb000 rw-p 00003000 00:61a 4611686018734270204       /nix/store/scd5n7xsn0hh0lvhhnycr9gx0h8xfzsl-glibc-2.34-210/lib/librt.so.1
7f836aefb000-7f836aefc000 ---p 00000000 00:00 0 
7f836aefc000-7f836af00000 ---p 00000000 00:00 0 
7f836af00000-7f836affc000 rw-p 00000000 00:00 0 
7f836affc000-7f836b009000 r--p 00000000 00:61a 4611686018734270069       /nix/store/scd5n7xsn0hh0lvhhnycr9gx0h8xfzsl-glibc-2.34-210/lib/libm.so.6
7f836b009000-7f836b076000 r-xp 0000d000 00:61a 4611686018734270069       /nix/store/scd5n7xsn0hh0lvhhnycr9gx0h8xfzsl-glibc-2.34-210/lib/libm.so.6
7f836b076000-7f836b0d3000 r--p 0007a000 00:61a 4611686018734270069       /nix/store/scd5n7xsn0hh0lvhhnycr9gx0h8xfzsl-glibc-2.34-210/lib/libm.so.6
7f836b0d3000-7f836b0d4000 r--p 000d6000 00:61a 4611686018734270069       /nix/store/scd5n7xsn0hh0lvhhnycr9gx0h8xfzsl-glibc-2.34-210/lib/libm.so.6
7f836b0d4000-7f836b0d5000 rw-p 000d7000 00:61a 4611686018734270069       /nix/store/scd5n7xsn0hh0lvhhnycr9gx0h8xfzsl-glibc-2.34-210/lib/libm.so.6
7f836b0d5000-7f836bddc000 r-xp 00000000 00:61a 4611686018756995807       /nix/store/d9zjaa4bsa3ld40bpfjxz6fssjlz5nv1-zulu-8.48.0.53/jre/lib/amd64/server/libjvm.so
7f836bddc000-7f836bfdb000 ---p 00d07000 00:61a 4611686018756995807       /nix/store/d9zjaa4bsa3ld40bpfjxz6fssjlz5nv1-zulu-8.48.0.53/jre/lib/amd64/server/libjvm.so
7f836bfdb000-7f836c086000 r--p 00d06000 00:61a 4611686018756995807       /nix/store/d9zjaa4bsa3ld40bpfjxz6fssjlz5nv1-zulu-8.48.0.53/jre/lib/amd64/server/libjvm.so
7f836c086000-7f836c0af000 rw-p 00db1000 00:61a 4611686018756995807       /nix/store/d9zjaa4bsa3ld40bpfjxz6fssjlz5nv1-zulu-8.48.0.53/jre/lib/amd64/server/libjvm.so
7f836c0af000-7f836c0f6000 rw-p 00000000 00:00 0 
7f836c0f6000-7f836c11e000 r--p 00000000 00:61a 4611686018734269861       /nix/store/scd5n7xsn0hh0lvhhnycr9gx0h8xfzsl-glibc-2.34-210/lib/libc.so.6
7f836c11e000-7f836c288000 r-xp 00028000 00:61a 4611686018734269861       /nix/store/scd5n7xsn0hh0lvhhnycr9gx0h8xfzsl-glibc-2.34-210/lib/libc.so.6
7f836c288000-7f836c2e1000 r--p 00192000 00:61a 4611686018734269861       /nix/store/scd5n7xsn0hh0lvhhnycr9gx0h8xfzsl-glibc-2.34-210/lib/libc.so.6
7f836c2e1000-7f836c2e5000 r--p 001ea000 00:61a 4611686018734269861       /nix/store/scd5n7xsn0hh0lvhhnycr9gx0h8xfzsl-glibc-2.34-210/lib/libc.so.6
7f836c2e5000-7f836c2e7000 rw-p 001ee000 00:61a 4611686018734269861       /nix/store/scd5n7xsn0hh0lvhhnycr9gx0h8xfzsl-glibc-2.34-210/lib/libc.so.6
7f836c2e7000-7f836c2f4000 rw-p 00000000 00:00 0 
7f836c2f4000-7f836c2f5000 r--p 00000000 00:61a 4611686018734270053       /nix/store/scd5n7xsn0hh0lvhhnycr9gx0h8xfzsl-glibc-2.34-210/lib/libdl.so.2
7f836c2f5000-7f836c2f6000 r-xp 00001000 00:61a 4611686018734270053       /nix/store/scd5n7xsn0hh0lvhhnycr9gx0h8xfzsl-glibc-2.34-210/lib/libdl.so.2
7f836c2f6000-7f836c2f7000 r--p 00002000 00:61a 4611686018734270053       /nix/store/scd5n7xsn0hh0lvhhnycr9gx0h8xfzsl-glibc-2.34-210/lib/libdl.so.2
7f836c2f7000-7f836c2f8000 r--p 00002000 00:61a 4611686018734270053       /nix/store/scd5n7xsn0hh0lvhhnycr9gx0h8xfzsl-glibc-2.34-210/lib/libdl.so.2
7f836c2f8000-7f836c2f9000 rw-p 00003000 00:61a 4611686018734270053       /nix/store/scd5n7xsn0hh0lvhhnycr9gx0h8xfzsl-glibc-2.34-210/lib/libdl.so.2
7f836c2f9000-7f836c30f000 r-xp 00000000 00:61a 4611686018756995768       /nix/store/d9zjaa4bsa3ld40bpfjxz6fssjlz5nv1-zulu-8.48.0.53/jre/lib/amd64/jli/libjli.so
7f836c30f000-7f836c50e000 ---p 00016000 00:61a 4611686018756995768       /nix/store/d9zjaa4bsa3ld40bpfjxz6fssjlz5nv1-zulu-8.48.0.53/jre/lib/amd64/jli/libjli.so
7f836c50e000-7f836c50f000 r--p 00015000 00:61a 4611686018756995768       /nix/store/d9zjaa4bsa3ld40bpfjxz6fssjlz5nv1-zulu-8.48.0.53/jre/lib/amd64/jli/libjli.so
7f836c50f000-7f836c510000 rw-p 00016000 00:61a 4611686018756995768       /nix/store/d9zjaa4bsa3ld40bpfjxz6fssjlz5nv1-zulu-8.48.0.53/jre/lib/amd64/jli/libjli.so
7f836c510000-7f836c511000 r--p 00000000 00:61a 4611686018734270193       /nix/store/scd5n7xsn0hh0lvhhnycr9gx0h8xfzsl-glibc-2.34-210/lib/libpthread.so.0
7f836c511000-7f836c512000 r-xp 00001000 00:61a 4611686018734270193       /nix/store/scd5n7xsn0hh0lvhhnycr9gx0h8xfzsl-glibc-2.34-210/lib/libpthread.so.0
7f836c512000-7f836c513000 r--p 00002000 00:61a 4611686018734270193       /nix/store/scd5n7xsn0hh0lvhhnycr9gx0h8xfzsl-glibc-2.34-210/lib/libpthread.so.0
7f836c513000-7f836c514000 r--p 00002000 00:61a 4611686018734270193       /nix/store/scd5n7xsn0hh0lvhhnycr9gx0h8xfzsl-glibc-2.34-210/lib/libpthread.so.0
7f836c514000-7f836c515000 rw-p 00003000 00:61a 4611686018734270193       /nix/store/scd5n7xsn0hh0lvhhnycr9gx0h8xfzsl-glibc-2.34-210/lib/libpthread.so.0
7f836c515000-7f836c517000 rw-p 00000000 00:00 0 
7f836c517000-7f836c518000 r--p 00000000 00:61a 4611686018734269826       /nix/store/scd5n7xsn0hh0lvhhnycr9gx0h8xfzsl-glibc-2.34-210/lib/ld-linux-x86-64.so.2
7f836c518000-7f836c53d000 r-xp 00001000 00:61a 4611686018734269826       /nix/store/scd5n7xsn0hh0lvhhnycr9gx0h8xfzsl-glibc-2.34-210/lib/ld-linux-x86-64.so.2
7f836c53d000-7f836c547000 r--p 00026000 00:61a 4611686018734269826       /nix/store/scd5n7xsn0hh0lvhhnycr9gx0h8xfzsl-glibc-2.34-210/lib/ld-linux-x86-64.so.2
7f836c547000-7f836c549000 r--p 0002f000 00:61a 4611686018734269826       /nix/store/scd5n7xsn0hh0lvhhnycr9gx0h8xfzsl-glibc-2.34-210/lib/ld-linux-x86-64.so.2
7f836c549000-7f836c54b000 rw-p 00031000 00:61a 4611686018734269826       /nix/store/scd5n7xsn0hh0lvhhnycr9gx0h8xfzsl-glibc-2.34-210/lib/ld-linux-x86-64.so.2
7ffc308f7000-7ffc3091b000 rw-p 00000000 00:00 0                          [stack]
7ffc3093c000-7ffc30940000 r--p 00000000 00:00 0                          [vvar]
7ffc30940000-7ffc30942000 r-xp 00000000 00:00 0                          [vdso]
ffffffffff600000-ffffffffff601000 --xp 00000000 00:00 0                  [vsyscall]

VM Arguments:
jvm_args: -Xmx512M 
java_command: server.jar
java_class_path (initial): server.jar
Launcher Type: SUN_STANDARD

Environment Variables:
JAVA_HOME=/nix/store/d9zjaa4bsa3ld40bpfjxz6fssjlz5nv1-zulu-8.48.0.53
LD_LIBRARY_PATH=/nix/store/z7ff1q791ar3ghh8fcmiblaq654sw220-cups-2.4.2-lib/lib:/nix/store/yvzlx032kf9kn507y7iyrqxspfypvnnr-cairo-1.16.0/lib:/nix/store/s7yq6ngnxf4gsp4263q7xywfjihh5mpn-glib-2.72.2/lib:/nix/store/sqhmx15c0ici7qsy4ambqhkic76pc7fq-gtk+3-3.24.34/lib:/nix/store/hisqvx32cd57apbpcsnkpx6k3549wql1-libglvnd-1.4.0/lib:/nix/store/p36pgcv991mq5srvg765b78yqpxvk3qs-mesa-21.3.3-drivers/lib:/nix/store/mav4251if1ahjq5vkpwycyyvnmy459c4-pulseaudio-14.2/lib
DISPLAY=:0

Signal Handlers:
SIGSEGV: [libjvm.so+0xadc7d0], sa_mask[0]=11111111011111111101111111111110, sa_flags=SA_RESTART|SA_SIGINFO
SIGBUS: [libjvm.so+0xadc7d0], sa_mask[0]=11111111011111111101111111111110, sa_flags=SA_RESTART|SA_SIGINFO
SIGFPE: [libjvm.so+0x92ec30], sa_mask[0]=11111111011111111101111111111110, sa_flags=SA_RESTART|SA_SIGINFO
SIGPIPE: [libjvm.so+0x92ec30], sa_mask[0]=11111111011111111101111111111110, sa_flags=SA_RESTART|SA_SIGINFO
SIGXFSZ: [libjvm.so+0x92ec30], sa_mask[0]=11111111011111111101111111111110, sa_flags=SA_RESTART|SA_SIGINFO
SIGILL: [libjvm.so+0x92ec30], sa_mask[0]=11111111011111111101111111111110, sa_flags=SA_RESTART|SA_SIGINFO
SIGUSR1: SIG_DFL, sa_mask[0]=00000000000000000000000000000000, sa_flags=none
SIGUSR2: [libjvm.so+0x930510], sa_mask[0]=00000000000000000000000000000000, sa_flags=SA_RESTART|SA_SIGINFO
SIGHUP: [libjvm.so+0x931f10], sa_mask[0]=11111111011111111101111111111110, sa_flags=SA_RESTART|SA_SIGINFO
SIGINT: [libjvm.so+0x931f10], sa_mask[0]=11111111011111111101111111111110, sa_flags=SA_RESTART|SA_SIGINFO
SIGTERM: [libjvm.so+0x931f10], sa_mask[0]=11111111011111111101111111111110, sa_flags=SA_RESTART|SA_SIGINFO
SIGQUIT: [libjvm.so+0x931f10], sa_mask[0]=11111111011111111101111111111110, sa_flags=SA_RESTART|SA_SIGINFO


---------------  S Y S T E M  ---------------

OS:DISTRIB_ID=Ubuntu
DISTRIB_RELEASE=20.04
DISTRIB_CODENAME=focal
DISTRIB_DESCRIPTION="Ubuntu 20.04.2 LTS"

uname:Linux 5.19.0-1030-gcp #32~22.04.1-Ubuntu SMP Thu Jul 13 09:36:23 UTC 2023 x86_64
libc:glibc 2.34 NPTL 2.34 
rlimit: STACK 8192k, CORE infinity, NPROC infinity, NOFILE 5242, AS infinity
load average:21.80 16.91 16.18

/proc/meminfo:
MemTotal:       32859956 kB
MemFree:         1624136 kB
MemAvailable:   18696792 kB
Buffers:          579772 kB
Cached:         13494520 kB
SwapCached:            0 kB
Active:          6187060 kB
Inactive:       19082932 kB
Active(anon):      56420 kB
Inactive(anon): 11024372 kB
Active(file):    6130640 kB
Inactive(file):  8058560 kB
Unevictable:       28828 kB
Mlocked:           28828 kB
SwapTotal:             0 kB
SwapFree:              0 kB
Zswap:                 0 kB
Zswapped:              0 kB
Dirty:              5424 kB
Writeback:           888 kB
AnonPages:      11159488 kB
Mapped:          1552580 kB
Shmem:            151620 kB
KReclaimable:    3349192 kB
Slab:            4435516 kB
SReclaimable:    3349192 kB
SUnreclaim:      1086324 kB
KernelStack:      224640 kB
PageTables:       210624 kB
NFS_Unstable:          0 kB
Bounce:                0 kB
WritebackTmp:          0 kB
CommitLimit:    16429976 kB
Committed_AS:   53664416 kB
VmallocTotal:   34359738367 kB
VmallocUsed:      252196 kB
VmallocChunk:          0 kB
Percpu:            19584 kB
HardwareCorrupted:     0 kB
AnonHugePages:    606208 kB
ShmemHugePages:        0 kB
ShmemPmdMapped:        0 kB
FileHugePages:         0 kB
FilePmdMapped:         0 kB
HugePages_Total:       0
HugePages_Free:        0
HugePages_Rsvd:        0
HugePages_Surp:        0
Hugepagesize:       2048 kB
Hugetlb:               0 kB
DirectMap4k:     7926584 kB
DirectMap2M:    25624576 kB
DirectMap1G:     2097152 kB

container (cgroup) information:
container_type: cgroupv1
cpu_cpuset_cpus: 1-3
cpu_memory_nodes: 0
active_processor_count: 1
cpu_quota: 30000
cpu_period: 100000
cpu_shares: 307
memory_limit_in_bytes: 1073741824
memory_and_swap_limit_in_bytes: 1073741824
memory_soft_limit_in_bytes: 536870912
memory_usage_in_bytes: 693182464
memory_max_usage_in_bytes: 767078400

KVM virtualization detected

CPU:total 4 (initial active 1) (4 cores per cpu, 1 threads per core) family 23 model 49 stepping 0, cmov, cx8, fxsr, mmx, sse, sse2, sse3, ssse3, sse4.1, sse4.2, popcnt, avx, avx2, aes, clmul, mmxext, 3dnowpref, lzcnt, sse4a, tsc, tscinvbit, tscinv, bmi1

/proc/cpuinfo:
processor	: 0
vendor_id	: AuthenticAMD
cpu family	: 23
model		: 49
model name	: AMD EPYC 7B12
stepping	: 0
microcode	: 0xffffffff
cpu MHz		: 2249.998
cache size	: 512 KB
physical id	: 0
siblings	: 4
core id		: 0
cpu cores	: 2
apicid		: 0
initial apicid	: 0
fpu		: yes
fpu_exception	: yes
cpuid level	: 13
wp		: yes
flags		: fpu vme de pse tsc msr pae mce cx8 apic sep mtrr pge mca cmov pat pse36 clflush mmx fxsr sse sse2 ht syscall nx mmxext fxsr_opt pdpe1gb rdtscp lm constant_tsc rep_good nopl nonstop_tsc cpuid extd_apicid tsc_known_freq pni pclmulqdq ssse3 fma cx16 sse4_1 sse4_2 movbe popcnt aes xsave avx f16c rdrand hypervisor lahf_lm cmp_legacy cr8_legacy abm sse4a misalignsse 3dnowprefetch osvw topoext ssbd ibrs ibpb stibp vmmcall fsgsbase tsc_adjust bmi1 avx2 smep bmi2 rdseed adx smap clflushopt clwb sha_ni xsaveopt xsavec xgetbv1 clzero xsaveerptr arat npt nrip_save umip rdpid
bugs		: sysret_ss_attrs null_seg spectre_v1 spectre_v2 spec_store_bypass retbleed smt_rsb
bogomips	: 4499.99
TLB size	: 3072 4K pages
clflush size	: 64
cache_alignment	: 64
address sizes	: 48 bits physical, 48 bits virtual
power management:

processor	: 1
vendor_id	: AuthenticAMD
cpu family	: 23
model		: 49
model name	: AMD EPYC 7B12
stepping	: 0
microcode	: 0xffffffff
cpu MHz		: 2249.998
cache size	: 512 KB
physical id	: 0
siblings	: 4
core id		: 1
cpu cores	: 2
apicid		: 2
initial apicid	: 2
fpu		: yes
fpu_exception	: yes
cpuid level	: 13
wp		: yes
flags		: fpu vme de pse tsc msr pae mce cx8 apic sep mtrr pge mca cmov pat pse36 clflush mmx fxsr sse sse2 ht syscall nx mmxext fxsr_opt pdpe1gb rdtscp lm constant_tsc rep_good nopl nonstop_tsc cpuid extd_apicid tsc_known_freq pni pclmulqdq ssse3 fma cx16 sse4_1 sse4_2 movbe popcnt aes xsave avx f16c rdrand hypervisor lahf_lm cmp_legacy cr8_legacy abm sse4a misalignsse 3dnowprefetch osvw topoext ssbd ibrs ibpb stibp vmmcall fsgsbase tsc_adjust bmi1 avx2 smep bmi2 rdseed adx smap clflushopt clwb sha_ni xsaveopt xsavec xgetbv1 clzero xsaveerptr arat npt nrip_save umip rdpid
bugs		: sysret_ss_attrs null_seg spectre_v1 spectre_v2 spec_store_bypass retbleed smt_rsb
bogomips	: 4499.99
TLB size	: 3072 4K pages
clflush size	: 64
cache_alignment	: 64
address sizes	: 48 bits physical, 48 bits virtual
power management:

processor	: 2
vendor_id	: AuthenticAMD
cpu family	: 23
model		: 49
model name	: AMD EPYC 7B12
stepping	: 0
microcode	: 0xffffffff
cpu MHz		: 2249.998
cache size	: 512 KB
physical id	: 0
siblings	: 4
core id		: 0
cpu cores	: 2
apicid		: 1
initial apicid	: 1
fpu		: yes
fpu_exception	: yes
cpuid level	: 13
wp		: yes
flags		: fpu vme de pse tsc msr pae mce cx8 apic sep mtrr pge mca cmov pat pse36 clflush mmx fxsr sse sse2 ht syscall nx mmxext fxsr_opt pdpe1gb rdtscp lm constant_tsc rep_good nopl nonstop_tsc cpuid extd_apicid tsc_known_freq pni pclmulqdq ssse3 fma cx16 sse4_1 sse4_2 movbe popcnt aes xsave avx f16c rdrand hypervisor lahf_lm cmp_legacy cr8_legacy abm sse4a misalignsse 3dnowprefetch osvw topoext ssbd ibrs ibpb stibp vmmcall fsgsbase tsc_adjust bmi1 avx2 smep bmi2 rdseed adx smap clflushopt clwb sha_ni xsaveopt xsavec xgetbv1 clzero xsaveerptr arat npt nrip_save umip rdpid
bugs		: sysret_ss_attrs null_seg spectre_v1 spectre_v2 spec_store_bypass retbleed smt_rsb
bogomips	: 4499.99
TLB size	: 3072 4K pages
clflush size	: 64
cache_alignment	: 64
address sizes	: 48 bits physical, 48 bits virtual
power management:

processor	: 3
vendor_id	: AuthenticAMD
cpu family	: 23
model		: 49
model name	: AMD EPYC 7B12
stepping	: 0
microcode	: 0xffffffff
cpu MHz		: 2249.998
cache size	: 512 KB
physical id	: 0
siblings	: 4
core id		: 1
cpu cores	: 2
apicid		: 3
initial apicid	: 3
fpu		: yes
fpu_exception	: yes
cpuid level	: 13
wp		: yes
flags		: fpu vme de pse tsc msr pae mce cx8 apic sep mtrr pge mca cmov pat pse36 clflush mmx fxsr sse sse2 ht syscall nx mmxext fxsr_opt pdpe1gb rdtscp lm constant_tsc rep_good nopl nonstop_tsc cpuid extd_apicid tsc_known_freq pni pclmulqdq ssse3 fma cx16 sse4_1 sse4_2 movbe popcnt aes xsave avx f16c rdrand hypervisor lahf_lm cmp_legacy cr8_legacy abm sse4a misalignsse 3dnowprefetch osvw topoext ssbd ibrs ibpb stibp vmmcall fsgsbase tsc_adjust bmi1 avx2 smep bmi2 rdseed adx smap clflushopt clwb sha_ni xsaveopt xsavec xgetbv1 clzero xsaveerptr arat npt nrip_save umip rdpid
bugs		: sysret_ss_attrs null_seg spectre_v1 spectre_v2 spec_store_bypass retbleed smt_rsb
bogomips	: 4499.99
TLB size	: 3072 4K pages
clflush size	: 64
cache_alignment	: 64
address sizes	: 48 bits physical, 48 bits virtual
power management:



Memory: 4k page, physical 1048576k(371628k free), swap 0k(0k free)

vm_info: OpenJDK 64-Bit Server VM (25.265-b11) for linux-amd64 JRE (Zulu 8.48.0.53-CA-linux64) (1.8.0_265-b11), built on Jul 28 2020 03:24:25 by "zulu_re" with gcc 4.4.7 20120313 (Red Hat 4.4.7-3)

time: Sun Aug 13 22:47:06 2023
timezone: UTC
elapsed time: 1703 seconds (0d 0h 28m 23s)

